<?xml version="1.0" encoding="UTF-8"?>
<!-- Generated by org.testng.reporters.JUnitXMLReporter -->
<testsuite ignored="29" hostname="LAPTOP-A2U9APN6" failures="0" tests="3" name="PackageGroupingTest" time="1170.654" errors="0" timestamp="2024-04-26T14:14:47 IST">
  <testcase classname="All_Flows.Apply_Discount" name="Validating_Apply_Discount" time="383.554"/>
  <testcase classname="All_Flows.Batch_Change_Request" name="Validating_Batch_Change_Request" time="378.833"/>
  <testcase classname="All_Flows.Refund_Request" name="Validating_Refund_Request" time="408.196"/>
  <testcase classname="All_Flows.Enrolling_Student_convert_Full_Pymnt_with_NEFT" name="Enrolling_Student_convert_Full_Peyment_with_NEFT" time="0.0">
    <ignored/>
  </testcase> <!-- Enrolling_Student_convert_Full_Peyment_with_NEFT -->
  <testcase classname="All_Flows.Enrolling_Student_convert_Full_Pymnt_with_RTGS" name="Enrolling_Student_convert_Full_Peyment_with_RTGS" time="0.0">
    <ignored/>
  </testcase> <!-- Enrolling_Student_convert_Full_Peyment_with_RTGS -->
  <testcase classname="All_Flows.Student_Fresh_subpayment_complete_flow_Cash" name="Student_payment_complete_flow_Cash" time="0.0">
    <ignored/>
  </testcase> <!-- Student_payment_complete_flow_Cash -->
  <testcase classname="All_Flows.Print_Original_Receipt" name="Print_Orgnl_Rcept_With_Clicking_on_Save_and_Do_Not_Print_Button" time="0.0">
    <ignored/>
  </testcase> <!-- Print_Orgnl_Rcept_With_Clicking_on_Save_and_Do_Not_Print_Button -->
  <testcase classname="All_Flows.Upgradation" name="Upgradation_with_Cash" time="0.0">
    <ignored/>
  </testcase> <!-- Upgradation_with_Cash -->
  <testcase classname="All_Flows.Re_Enrollment" name="Re_Enrollment_with_Cash" time="0.0">
    <ignored/>
  </testcase> <!-- Re_Enrollment_with_Cash -->
  <testcase classname="All_Flows.Convert_Full_Payment__with_Discount_TDS_Payment" name="Student_Convert_Full_Payment__with_Discount_TDS_Payment" time="0.0">
    <ignored/>
  </testcase> <!-- Student_Convert_Full_Payment__with_Discount_TDS_Payment -->
  <testcase classname="All_Flows.Enrolling_Student_convert_Full_Pymnt_with_DRCT_TRFR_BANK" name="Enrolling_Student_convert_Full_Peyment_with_Cash_DRCT_TRFR_BANK" time="0.0">
    <ignored/>
  </testcase> <!-- Enrolling_Student_convert_Full_Peyment_with_Cash_DRCT_TRFR_BANK -->
  <testcase classname="All_Flows.Student_Fresh_subpayment_complete_flow_Others" name="Student_payment_complete_flow_Others" time="0.0">
    <ignored/>
  </testcase> <!-- Student_payment_complete_flow_Others -->
  <testcase classname="All_Flows.Enrolling_Student_convert_Full_Pymnt_with_TDS" name="Enrolling_Student_convert_Full_Peyment_with_TDS" time="0.0">
    <ignored/>
  </testcase> <!-- Enrolling_Student_convert_Full_Peyment_with_TDS -->
  <testcase classname="All_Flows.Convert_Full_Payment__with_Discount_dd_cheque_Payment" name="Student_Convert_Full_Payment__with_Discount_dd_cheque_Payment" time="0.0">
    <ignored/>
  </testcase> <!-- Student_Convert_Full_Payment__with_Discount_dd_cheque_Payment -->
  <testcase classname="All_Flows.Student_Fresh_subpayment_complete_flow_TDS" name="Student_payment_complete_flow_TDS" time="0.0">
    <ignored/>
  </testcase> <!-- Student_payment_complete_flow_TDS -->
  <testcase classname="All_Flows.Convert_Full_Payment__with_Discount_NEFT_Payment" name="Student_Convert_Full_Payment__with_Discount_NEFT_Payment" time="0.0">
    <ignored/>
  </testcase> <!-- Student_Convert_Full_Payment__with_Discount_NEFT_Payment -->
  <testcase classname="All_Flows.Convert_Full_Payment__with_Discount_DRCT_TRFR_BNK_Payment" name="Student_Convert_Full_Payment__with_Discount_DRCT_TRFR_BNK_Payment" time="0.0">
    <ignored/>
  </testcase> <!-- Student_Convert_Full_Payment__with_Discount_DRCT_TRFR_BNK_Payment -->
  <testcase classname="All_Flows.Enrolling_Student_convert_Full_Pymnt_with_dd_cheque" name="Enrolling_Student_convert_Full_Peyment_with_dd_cheque" time="0.0">
    <ignored/>
  </testcase> <!-- Enrolling_Student_convert_Full_Peyment_with_dd_cheque -->
  <testcase classname="All_Flows.Convert_Full_Payment__with_Discount_Cash_Payment" name="Student_Convert_Full_Payment__with_Discount_Cash_Payment" time="0.0">
    <ignored/>
  </testcase> <!-- Student_Convert_Full_Payment__with_Discount_Cash_Payment -->
  <testcase classname="All_Flows.Student_Fresh_subpayment_complete_flow_credit_card" name="Student_payment_complete_flow_credit_card" time="0.0">
    <ignored/>
  </testcase> <!-- Student_payment_complete_flow_credit_card -->
  <testcase classname="All_Flows.Student_Fresh_subpayment_complete_flow_dd_cheque" name="Student_payment_complete_flow_DD_Cheque" time="0.0">
    <ignored/>
  </testcase> <!-- Student_payment_complete_flow_DD_Cheque -->
  <testcase classname="All_Flows.Convert_Full_Payment__with_Discount_Others_Payment" name="Student_Convert_Full_Payment__with_Discount_Others_Payment" time="0.0">
    <ignored/>
  </testcase> <!-- Student_Convert_Full_Payment__with_Discount_Others_Payment -->
  <testcase classname="All_Flows.Enrolling_Student_convert_Full_Pymnt_with_Cash" name="Enrolling_Student_convert_Full_Peyment_with_Cash" time="0.0">
    <ignored/>
  </testcase> <!-- Enrolling_Student_convert_Full_Peyment_with_Cash -->
  <testcase classname="All_Flows.Enrolling_Student_convert_Full_Pymnt_with_Credit_Card" name="Enrolling_Student_convert_Full_Peyment_with_Credit_Card" time="0.0">
    <ignored/>
  </testcase> <!-- Enrolling_Student_convert_Full_Peyment_with_Credit_Card -->
  <testcase classname="All_Flows.Convert_Full_Payment__with_Discount_Credit_Card_Payment" name="Student_Convert_Full_Payment__with_Discount_Credit_Card_Payment" time="0.0">
    <ignored/>
  </testcase> <!-- Student_Convert_Full_Payment__with_Discount_Credit_Card_Payment -->
  <testcase classname="All_Flows.Enrolling_Student_convert_Full_Pymnt_with_Others" name="Enrolling_Student_convert_Full_Peyment_with_Others" time="0.0">
    <ignored/>
  </testcase> <!-- Enrolling_Student_convert_Full_Peyment_with_Others -->
  <testcase classname="All_Flows.Convert_Full_Payment__with_Discount_RTGS_Payment" name="Student_Convert_Full_Payment__with_Discount_RTGS_Payment" time="0.0">
    <ignored/>
  </testcase> <!-- Student_Convert_Full_Payment__with_Discount_RTGS_Payment -->
  <testcase classname="All_Flows.Student_Fresh_Enrollment_Complete_Flow_Cash_Discount" name="Student_Fresh_Enrollment_With_Discount_Cash" time="0.0">
    <ignored/>
  </testcase> <!-- Student_Fresh_Enrollment_With_Discount_Cash -->
  <testcase classname="All_Flows.Campus_Alliance_Complete_Flow" name="Campus_Alliance_Complete_Flow_Enquiry_Enrollment_subsequent_Pymnt" time="0.0">
    <ignored/>
  </testcase> <!-- Campus_Alliance_Complete_Flow_Enquiry_Enrollment_subsequent_Pymnt -->
  <testcase classname="All_Flows.Student_Fresh_subpayment_complete_flow_NEFT" name="Student_payment_complete_flow_NEFT" time="0.0">
    <ignored/>
  </testcase> <!-- Student_payment_complete_flow_NEFT -->
  <testcase classname="All_Flows.Student_Fresh_subpayment_complete_flow_RTGS" name="Student_payment_complete_flow_RTGS" time="0.0">
    <ignored/>
  </testcase> <!-- Student_payment_complete_flow_RTGS -->
  <testcase classname="All_Flows.Student_Fresh_subpayment_complete_flow_DRCT_TNFR_BNK" name="Student_payment_complete_flow_DRCT_TNFR_BNK" time="0.0">
    <ignored/>
  </testcase> <!-- Student_payment_complete_flow_DRCT_TNFR_BNK -->
</testsuite> <!-- PackageGroupingTest -->
