<?xml version="1.0" encoding="UTF-8"?>
<testng-results ignored="0" total="1" passed="1" failed="0" skipped="0">
  <reporter-output>
  </reporter-output>
  <suite started-at="2024-04-03T22:35:53 IST" name="Default suite" finished-at="2024-04-03T22:45:51 IST" duration-ms="598156">
    <groups>
    </groups>
    <test started-at="2024-04-03T22:35:53 IST" name="Default test" finished-at="2024-04-03T22:45:51 IST" duration-ms="598156">
      <class name="USERS_ROLES.Manage_Staff">
        <test-method is-config="true" signature="TEEMSLOGIN()[pri:0, instance:USERS_ROLES.Manage_Staff@156b88f5]" started-at="2024-04-03T22:35:53 IST" name="TEEMSLOGIN" finished-at="2024-04-03T22:36:56 IST" duration-ms="63567" status="PASS">
          <reporter-output>
          </reporter-output>
        </test-method> <!-- TEEMSLOGIN -->
        <test-method signature="Adding_Manage_Staff()[pri:0, instance:USERS_ROLES.Manage_Staff@156b88f5]" started-at="2024-04-03T22:36:56 IST" name="Adding_Manage_Staff" finished-at="2024-04-03T22:45:51 IST" duration-ms="534549" status="PASS">
          <reporter-output>
          </reporter-output>
        </test-method> <!-- Adding_Manage_Staff -->
      </class> <!-- USERS_ROLES.Manage_Staff -->
    </test> <!-- Default test -->
  </suite> <!-- Default suite -->
</testng-results>
