<?xml version="1.0" encoding="UTF-8"?>
<testng-results ignored="29" total="32" passed="3" failed="0" skipped="0">
  <reporter-output>
  </reporter-output>
  <suite started-at="2024-04-26T13:55:16 IST" name="PackageGroupingSuite" finished-at="2024-04-26T14:14:47 IST" duration-ms="1170654">
    <groups>
      <group name="Requests">
        <method signature="Apply_Discount.Validating_Apply_Discount()[pri:0, instance:All_Flows.Apply_Discount@5f20155b]" name="Validating_Apply_Discount" class="All_Flows.Apply_Discount"/>
        <method signature="Batch_Change_Request.Validating_Batch_Change_Request()[pri:0, instance:All_Flows.Batch_Change_Request@5f77d0f9]" name="Validating_Batch_Change_Request" class="All_Flows.Batch_Change_Request"/>
        <method signature="Refund_Request.Validating_Refund_Request()[pri:0, instance:All_Flows.Refund_Request@266374ef]" name="Validating_Refund_Request" class="All_Flows.Refund_Request"/>
      </group> <!-- Requests -->
    </groups>
    <test started-at="2024-04-26T13:55:16 IST" name="PackageGroupingTest" finished-at="2024-04-26T14:14:47 IST" duration-ms="1170654">
      <class name="All_Flows.Batch_Change_Request">
        <test-method signature="Validating_Batch_Change_Request()[pri:0, instance:All_Flows.Batch_Change_Request@5f77d0f9]" started-at="2024-04-26T14:01:40 IST" name="Validating_Batch_Change_Request" finished-at="2024-04-26T14:07:58 IST" duration-ms="378833" status="PASS">
          <reporter-output>
          </reporter-output>
        </test-method> <!-- Validating_Batch_Change_Request -->
      </class> <!-- All_Flows.Batch_Change_Request -->
      <class name="All_Flows.Apply_Discount">
        <test-method signature="Validating_Apply_Discount()[pri:0, instance:All_Flows.Apply_Discount@5f20155b]" started-at="2024-04-26T13:55:16 IST" name="Validating_Apply_Discount" finished-at="2024-04-26T14:01:40 IST" duration-ms="383554" status="PASS">
          <reporter-output>
          </reporter-output>
        </test-method> <!-- Validating_Apply_Discount -->
      </class> <!-- All_Flows.Apply_Discount -->
      <class name="All_Flows.Refund_Request">
        <test-method signature="Validating_Refund_Request()[pri:0, instance:All_Flows.Refund_Request@266374ef]" started-at="2024-04-26T14:07:58 IST" name="Validating_Refund_Request" finished-at="2024-04-26T14:14:47 IST" duration-ms="408196" status="PASS">
          <reporter-output>
          </reporter-output>
        </test-method> <!-- Validating_Refund_Request -->
      </class> <!-- All_Flows.Refund_Request -->
    </test> <!-- PackageGroupingTest -->
  </suite> <!-- PackageGroupingSuite -->
</testng-results>
